app/build/intermediates/manifest_merge_blame_file/debug/manifest-merger-blame-debug-report.txt
1<?xml version="1.0" encoding="utf-8"?>
2<manifest xmlns:android="http://schemas.android.com/apk/res/android"
3    package="com.application.rifal.myapplication"
4    android:versionCode="1"
5    android:versionName="1.0" >
6
7    <uses-sdk
8        android:minSdkVersion="21"
8-->src\main\AndroidManifest.xml
9        android:targetSdkVersion="30" />
9-->src\main\AndroidManifest.xml
10
11    <uses-permission android:name="android.permission.ACCESS_NETWORK_STATE" />
11-->src\main\AndroidManifest.xml:29:5-79
11-->src\main\AndroidManifest.xml:29:22-76
12    <uses-permission android:name="android.permission.WRITE_EXTERNAL_STORAGE" />
12-->src\main\AndroidManifest.xml:30:5-81
12-->src\main\AndroidManifest.xml:30:22-78
13    <uses-permission android:name="android.permission.READ_EXTERNAL_STORAGE" />
13-->src\main\AndroidManifest.xml:31:5-80
13-->src\main\AndroidManifest.xml:31:22-77
14    <uses-permission android:name="android.permission.VIBRATE" />
14-->src\main\AndroidManifest.xml:32:5-66
14-->src\main\AndroidManifest.xml:32:22-63
15    <uses-permission android:name="android.permission.READ_PHONE_STATE" />
15-->src\main\AndroidManifest.xml:33:5-75
15-->src\main\AndroidManifest.xml:33:22-72
16    <uses-permission android:name="android.permission.INTERNET" />
16-->src\main\AndroidManifest.xml:35:5-67
16-->src\main\AndroidManifest.xml:35:22-64
17
18    <application
18-->src\main\AndroidManifest.xml:5:5-28:19
19        android:allowBackup="true"
19-->src\main\AndroidManifest.xml:8:9-35
20        android:appComponentFactory="androidx.core.app.CoreComponentFactory"
20-->[androidx.core:core:1.3.1] AndroidManifest.xml:24:18-86
21        android:debuggable="true"
22        android:icon="@mipmap/ic_launcher"
22-->src\main\AndroidManifest.xml:9:9-43
23        android:label="@string/app_name"
23-->src\main\AndroidManifest.xml:10:9-41
24        android:roundIcon="@mipmap/ic_launcher_round"
24-->src\main\AndroidManifest.xml:11:9-54
25        android:supportsRtl="true"
25-->src\main\AndroidManifest.xml:12:9-35
26        android:testOnly="true"
27        android:theme="@style/AppTheme"
27-->src\main\AndroidManifest.xml:13:9-40
28        android:usesCleartextTraffic="true" >
28-->src\main\AndroidManifest.xml:7:9-44
29        <activity android:name="com.application.rifal.myapplication.activity.MainActivity" >
29-->src\main\AndroidManifest.xml:14:9-15:20
29-->src\main\AndroidManifest.xml:14:19-56
30        </activity>
31        <activity android:name="com.application.rifal.myapplication.activity.ListViewActivity" >
31-->src\main\AndroidManifest.xml:16:9-17:20
31-->src\main\AndroidManifest.xml:16:19-60
32        </activity>
33        <activity android:name="com.application.rifal.myapplication.activity.WebViewActivity" >
33-->src\main\AndroidManifest.xml:18:9-19:20
33-->src\main\AndroidManifest.xml:18:19-59
34        </activity>
35        <activity android:name="com.application.rifal.myapplication.activity.SplashScreen" >
35-->src\main\AndroidManifest.xml:20:9-27:20
35-->src\main\AndroidManifest.xml:20:19-56
36            <intent-filter>
36-->src\main\AndroidManifest.xml:22:13-26:29
37                <action android:name="android.intent.action.MAIN" />
37-->src\main\AndroidManifest.xml:23:17-69
37-->src\main\AndroidManifest.xml:23:25-66
38
39                <category android:name="android.intent.category.LAUNCHER" />
39-->src\main\AndroidManifest.xml:25:17-77
39-->src\main\AndroidManifest.xml:25:27-74
40            </intent-filter>
41        </activity>
42    </application>
43
44</manifest>